app/build/intermediates/manifest_merge_blame_file/release/manifest-merger-blame-release-report.txt
1<?xml version="1.0" encoding="utf-8"?>
2<manifest xmlns:android="http://schemas.android.com/apk/res/android"
3    package="com.mobileapp.bouldercorpregistration"
4    android:versionCode="1"
5    android:versionName="1.0" >
6
7    <uses-sdk
8        android:minSdkVersion="16"
8-->src\main\AndroidManifest.xml
9        android:targetSdkVersion="30" />
9-->src\main\AndroidManifest.xml
10
11    <uses-permission android:name="android.permission.WRITE_EXTERNAL_STORAGE" />
11-->src\main\AndroidManifest.xml:6:5-81
11-->src\main\AndroidManifest.xml:6:22-78
12    <uses-permission android:name="android.permission.READ_EXTERNAL_STORAGE" />
12-->src\main\AndroidManifest.xml:7:5-80
12-->src\main\AndroidManifest.xml:7:22-77
13    <uses-permission android:name="android.permission.ACCESS_NETWORK_STATE" />
13-->src\main\AndroidManifest.xml:8:5-79
13-->src\main\AndroidManifest.xml:8:22-76
14    <uses-permission android:name="android.permission.INTERNET" />
14-->src\main\AndroidManifest.xml:9:5-67
14-->src\main\AndroidManifest.xml:9:22-64
15
16    <application
16-->src\main\AndroidManifest.xml:11:5-40:19
17        android:allowBackup="true"
17-->src\main\AndroidManifest.xml:12:9-35
18        android:appComponentFactory="androidx.core.app.CoreComponentFactory"
18-->[androidx.core:core:1.3.1] AndroidManifest.xml:24:18-86
19        android:icon="@mipmap/logo_brand_black"
19-->src\main\AndroidManifest.xml:13:9-48
20        android:label="BC Registration"
20-->src\main\AndroidManifest.xml:14:9-40
21        android:roundIcon="@mipmap/bc_launcher_round"
21-->src\main\AndroidManifest.xml:15:9-54
22        android:supportsRtl="true"
22-->src\main\AndroidManifest.xml:16:9-35
23        android:theme="@style/Theme.BoulderCorpRegistration.NoTitlle" >
23-->src\main\AndroidManifest.xml:17:9-70
24        <activity
24-->src\main\AndroidManifest.xml:19:9-22:98
25            android:name="com.mobileapp.bouldercorpregistration.Publicity"
25-->src\main\AndroidManifest.xml:20:13-38
26            android:label="@string/title_activity_publicity"
26-->src\main\AndroidManifest.xml:21:13-61
27            android:theme="@style/Theme.BoulderCorpRegistration.NoTitlle.NoActionBar" />
27-->src\main\AndroidManifest.xml:22:13-86
28        <activity android:name="com.mobileapp.bouldercorpregistration.ImageAdvice" />
28-->src\main\AndroidManifest.xml:23:9-49
28-->src\main\AndroidManifest.xml:23:19-46
29        <activity
29-->src\main\AndroidManifest.xml:24:9-26:89
30            android:name="com.mobileapp.bouldercorpregistration.Welcome"
30-->src\main\AndroidManifest.xml:25:13-36
31            android:theme="@style/Theme.BoulderCorpRegistration.NoTitlle.NoActionBar" />
31-->src\main\AndroidManifest.xml:26:13-86
32        <activity android:name="com.mobileapp.bouldercorpregistration.Final" />
32-->src\main\AndroidManifest.xml:27:9-43
32-->src\main\AndroidManifest.xml:27:19-40
33        <activity android:name="com.mobileapp.bouldercorpregistration.ReviewDoc" />
33-->src\main\AndroidManifest.xml:28:9-47
33-->src\main\AndroidManifest.xml:28:19-44
34        <activity android:name="com.mobileapp.bouldercorpregistration.DataNotice" />
34-->src\main\AndroidManifest.xml:29:9-48
34-->src\main\AndroidManifest.xml:29:19-45
35        <activity android:name="com.mobileapp.bouldercorpregistration.RegistrationForm" />
35-->src\main\AndroidManifest.xml:30:9-54
35-->src\main\AndroidManifest.xml:30:19-51
36        <activity android:name="com.mobileapp.bouldercorpregistration.MainActivity" >
36-->src\main\AndroidManifest.xml:31:9-39:20
36-->src\main\AndroidManifest.xml:31:19-47
37
38            <!-- android:screenOrientation="landscape" -->
39            <intent-filter>
39-->src\main\AndroidManifest.xml:34:13-38:29
40                <action android:name="android.intent.action.MAIN" />
40-->src\main\AndroidManifest.xml:35:17-69
40-->src\main\AndroidManifest.xml:35:25-66
41
42                <category android:name="android.intent.category.LAUNCHER" />
42-->src\main\AndroidManifest.xml:37:17-77
42-->src\main\AndroidManifest.xml:37:27-74
43            </intent-filter>
44        </activity>
45    </application>
46
47</manifest>